<?xml version="1.0" encoding="UTF-8"?>
<!-- Generated by org.testng.reporters.JUnitReportReporter -->
<testsuite hostname="DESKTOP-SAKLOON" failures="0" tests="1" name="OrangeHRM.HRMAutomation.Testcases.TC1_OrangeHRM_LoginPage" time="14.749" errors="0" timestamp="27 Aug 2023 15:39:54 GMT" skipped="0">
  <testcase classname="OrangeHRM.HRMAutomation.Testcases.TC1_OrangeHRM_LoginPage" name="LoginPageImplementation" time="14.749"/>
</testsuite> <!-- OrangeHRM.HRMAutomation.Testcases.TC1_OrangeHRM_LoginPage -->
